# JRE version: OpenJDK Runtime Environment (8.0) (build 1.8.0-adoptopenjdk-_2018_05_19_00_59-b00)
# Java VM: OpenJDK 64-Bit Server VM (25.71-b00 mixed mode windows-amd64 compressed oops)
Heap:
 PSYoungGen      total 26624K, used 6290K [0x00000000f0000000, 0x00000000f1c00000, 0x0000000100000000)
  eden space 24576K, 17% used [0x00000000f0000000,0x00000000f0424a70,0x00000000f1800000)
  from space 2048K, 100% used [0x00000000f1a00000,0x00000000f1c00000,0x00000000f1c00000)
  to   space 2048K, 0% used [0x00000000f1800000,0x00000000f1800000,0x00000000f1a00000)
 ParOldGen       total 32768K, used 2082K [0x00000000d0000000, 0x00000000d2000000, 0x00000000f0000000)
  object space 32768K, 6% used [0x00000000d0000000,0x00000000d0208a38,0x00000000d2000000)
 Metaspace       used 8449K, capacity 8688K, committed 8960K, reserved 1056768K
  class space    used 1088K, capacity 1191K, committed 1280K, reserved 1048576K
GC Heap History (8 events):
Event: 1.833 GC heap before
{Heap before GC invocations=1 (full 0):
 PSYoungGen      total 14336K, used 12288K [0x00000000f0000000, 0x00000000f1000000, 0x0000000100000000)
  eden space 12288K, 100% used [0x00000000f0000000,0x00000000f0c00000,0x00000000f0c00000)
  from space 2048K, 0% used [0x00000000f0e00000,0x00000000f0e00000,0x00000000f1000000)
  to   space 2048K, 0% used [0x00000000f0c00000,0x00000000f0c00000,0x00000000f0e00000)
 ParOldGen       total 32768K, used 0K [0x00000000d0000000, 0x00000000d2000000, 0x00000000f0000000)
  object space 32768K, 0% used [0x00000000d0000000,0x00000000d0000000,0x00000000d2000000)
 Metaspace       used 4600K, capacity 5272K, committed 5504K, reserved 1056768K
  class space    used 546K, capacity 568K, committed 640K, reserved 1048576K
Event: 1.840 GC heap after
Heap after GC invocations=1 (full 0):
 PSYoungGen      total 14336K, used 1872K [0x00000000f0000000, 0x00000000f1000000, 0x0000000100000000)
  eden space 12288K, 0% used [0x00000000f0000000,0x00000000f0000000,0x00000000f0c00000)
  from space 2048K, 91% used [0x00000000f0c00000,0x00000000f0dd4030,0x00000000f0e00000)
  to   space 2048K, 0% used [0x00000000f0e00000,0x00000000f0e00000,0x00000000f1000000)
 ParOldGen       total 32768K, used 8K [0x00000000d0000000, 0x00000000d2000000, 0x00000000f0000000)
  object space 32768K, 0% used [0x00000000d0000000,0x00000000d0002000,0x00000000d2000000)
 Metaspace       used 4600K, capacity 5272K, committed 5504K, reserved 1056768K
  class space    used 546K, capacity 568K, committed 640K, reserved 1048576K
}
Event: 2.893 GC heap before
{Heap before GC invocations=2 (full 0):
 PSYoungGen      total 14336K, used 14160K [0x00000000f0000000, 0x00000000f1000000, 0x0000000100000000)
  eden space 12288K, 100% used [0x00000000f0000000,0x00000000f0c00000,0x00000000f0c00000)
  from space 2048K, 91% used [0x00000000f0c00000,0x00000000f0dd4030,0x00000000f0e00000)
  to   space 2048K, 0% used [0x00000000f0e00000,0x00000000f0e00000,0x00000000f1000000)
 ParOldGen       total 32768K, used 8K [0x00000000d0000000, 0x00000000d2000000, 0x00000000f0000000)
  object space 32768K, 0% used [0x00000000d0000000,0x00000000d0002000,0x00000000d2000000)
 Metaspace       used 7735K, capacity 7856K, committed 8064K, reserved 1056768K
  class space    used 1006K, capacity 1063K, committed 1152K, reserved 1048576K
Event: 2.903 GC heap after
Heap after GC invocations=2 (full 0):
 PSYoungGen      total 14336K, used 2016K [0x00000000f0000000, 0x00000000f1000000, 0x0000000100000000)
  eden space 12288K, 0% used [0x00000000f0000000,0x00000000f0000000,0x00000000f0c00000)
  from space 2048K, 98% used [0x00000000f0e00000,0x00000000f0ff8020,0x00000000f1000000)
  to   space 2048K, 0% used [0x00000000f0c00000,0x00000000f0c00000,0x00000000f0e00000)
 ParOldGen       total 32768K, used 890K [0x00000000d0000000, 0x00000000d2000000, 0x00000000f0000000)
  object space 32768K, 2% used [0x00000000d0000000,0x00000000d00de9f8,0x00000000d2000000)
 Metaspace       used 7735K, capacity 7856K, committed 8064K, reserved 1056768K
  class space    used 1006K, capacity 1063K, committed 1152K, reserved 1048576K
}
Event: 3.416 GC heap before
{Heap before GC invocations=3 (full 0):
 PSYoungGen      total 14336K, used 14304K [0x00000000f0000000, 0x00000000f1000000, 0x0000000100000000)
  eden space 12288K, 100% used [0x00000000f0000000,0x00000000f0c00000,0x00000000f0c00000)
  from space 2048K, 98% used [0x00000000f0e00000,0x00000000f0ff8020,0x00000000f1000000)
  to   space 2048K, 0% used [0x00000000f0c00000,0x00000000f0c00000,0x00000000f0e00000)
 ParOldGen       total 32768K, used 890K [0x00000000d0000000, 0x00000000d2000000, 0x00000000f0000000)
  object space 32768K, 2% used [0x00000000d0000000,0x00000000d00de9f8,0x00000000d2000000)
 Metaspace       used 8333K, capacity 8496K, committed 8704K, reserved 1056768K
  class space    used 1086K, capacity 1191K, committed 1280K, reserved 1048576K
Event: 3.428 GC heap after
Heap after GC invocations=3 (full 0):
 PSYoungGen      total 14336K, used 2032K [0x00000000f0000000, 0x00000000f1c00000, 0x0000000100000000)
  eden space 12288K, 0% used [0x00000000f0000000,0x00000000f0000000,0x00000000f0c00000)
  from space 2048K, 99% used [0x00000000f0c00000,0x00000000f0dfc010,0x00000000f0e00000)
  to   space 2048K, 0% used [0x00000000f1a00000,0x00000000f1a00000,0x00000000f1c00000)
 ParOldGen       total 32768K, used 1906K [0x00000000d0000000, 0x00000000d2000000, 0x00000000f0000000)
  object space 32768K, 5% used [0x00000000d0000000,0x00000000d01dca38,0x00000000d2000000)
 Metaspace       used 8333K, capacity 8496K, committed 8704K, reserved 1056768K
  class space    used 1086K, capacity 1191K, committed 1280K, reserved 1048576K
}
Event: 3.784 GC heap before
{Heap before GC invocations=4 (full 0):
 PSYoungGen      total 14336K, used 14320K [0x00000000f0000000, 0x00000000f1c00000, 0x0000000100000000)
  eden space 12288K, 100% used [0x00000000f0000000,0x00000000f0c00000,0x00000000f0c00000)
  from space 2048K, 99% used [0x00000000f0c00000,0x00000000f0dfc010,0x00000000f0e00000)
  to   space 2048K, 0% used [0x00000000f1a00000,0x00000000f1a00000,0x00000000f1c00000)
 ParOldGen       total 32768K, used 1906K [0x00000000d0000000, 0x00000000d2000000, 0x00000000f0000000)
  object space 32768K, 5% used [0x00000000d0000000,0x00000000d01dca38,0x00000000d2000000)
 Metaspace       used 8383K, capacity 8560K, committed 8704K, reserved 1056768K
  class space    used 1087K, capacity 1191K, committed 1280K, reserved 1048576K
Event: 3.837 GC heap after
Heap after GC invocations=4 (full 0):
 PSYoungGen      total 26624K, used 2048K [0x00000000f0000000, 0x00000000f1c00000, 0x0000000100000000)
  eden space 24576K, 0% used [0x00000000f0000000,0x00000000f0000000,0x00000000f1800000)
  from space 2048K, 100% used [0x00000000f1a00000,0x00000000f1c00000,0x00000000f1c00000)
  to   space 2048K, 0% used [0x00000000f1800000,0x00000000f1800000,0x00000000f1a00000)
 ParOldGen       total 32768K, used 2082K [0x00000000d0000000, 0x00000000d2000000, 0x00000000f0000000)
  object space 32768K, 6% used [0x00000000d0000000,0x00000000d0208a38,0x00000000d2000000)
 Metaspace       used 8383K, capacity 8560K, committed 8704K, reserved 1056768K
  class space    used 1087K, capacity 1191K, committed 1280K, reserved 1048576K
}

